<?xml version="1.0" encoding="UTF-8"?>
<!-- Generated by org.testng.reporters.JUnitReportReporter -->
<testsuite hostname="L502528" failures="0" tests="3" name="calyx.gen2userprovisining" time="0.016" errors="0" timestamp="2024-02-05T22:34:43 IST" skipped="0">
  <testcase classname="calyx.gen2userprovisining" name="sponsor" time="0.001"/>
  <system-out/>
  <testcase classname="calyx.gen2userprovisining" name="studycoordinator" time="0.003"/>
  <system-out/>
  <testcase classname="calyx.gen2userprovisining" name="miinternal" time="0.012"/>
  <system-out/>
</testsuite> <!-- calyx.gen2userprovisining -->
