<?xml version="1.0" encoding="UTF-8"?>
<!-- Generated by org.testng.reporters.JUnitReportReporter -->
<testsuite hostname="L502528" failures="0" tests="4" name="calyx.gen1usercreation" time="0.015" errors="0" timestamp="2024-03-02T16:02:38 IST" skipped="0">
  <testcase classname="calyx.gen1usercreation" name="usercreationmitechsuppor" time="0.001"/>
  <system-out/>
  <testcase classname="calyx.gen1usercreation" name="usercreationsponsor" time="0.001"/>
  <system-out/>
  <testcase classname="calyx.gen1usercreation" name="usercreationmiinternal" time="0.012"/>
  <system-out/>
  <testcase classname="calyx.gen1usercreation" name="usercreationstudycoordinator" time="0.001"/>
  <system-out/>
</testsuite> <!-- calyx.gen1usercreation -->
