<?xml version="1.0" encoding="UTF-8"?>
<!-- Generated by org.testng.reporters.JUnitReportReporter -->
<testsuite hostname="L502528" failures="0" tests="2" name="mg28012024.day1" time="0.003" errors="0" timestamp="2024-02-05T22:31:45 IST" skipped="0">
  <testcase classname="mg28012024.day1" name="Demo2" time="0.002"/>
  <system-out/>
  <testcase classname="mg28012024.day1" name="Demo" time="0.001"/>
  <system-out/>
</testsuite> <!-- mg28012024.day1 -->
