<?xml version="1.0" encoding="UTF-8"?>
<!-- Generated by org.testng.reporters.JUnitReportReporter -->
<testsuite hostname="L502528" failures="0" tests="4" name="calyx.gen1userprovisioning" time="0.007" errors="0" timestamp="2024-02-05T22:31:45 IST" skipped="0">
  <testcase classname="calyx.gen1userprovisioning" name="miinternal" time="0.002"/>
  <system-out/>
  <testcase classname="calyx.gen1userprovisioning" name="sponsor" time="0.002"/>
  <system-out/>
  <testcase classname="calyx.gen1userprovisioning" name="mitechsuppor" time="0.002"/>
  <system-out/>
  <testcase classname="calyx.gen1userprovisioning" name="studycoordinator" time="0.001"/>
  <system-out/>
</testsuite> <!-- calyx.gen1userprovisioning -->
