<?xml version="1.0" encoding="UTF-8"?>
<!-- Generated by org.testng.reporters.JUnitReportReporter -->
<testsuite hostname="L502528" failures="0" tests="1" name="mg28012024.day2" time="0.002" errors="0" timestamp="2024-02-05T22:31:45 IST" skipped="0">
  <testcase classname="mg28012024.day2" name="Demo" time="0.002"/>
  <system-out/>
</testsuite> <!-- mg28012024.day2 -->
